# JRE version: Java(TM) SE Runtime Environment (21.0.3+7) (build 21.0.3+7-LTS-152)
# Java VM: Java HotSpot(TM) 64-Bit Server VM (21.0.3+7-LTS-152, mixed mode, sharing, tiered, compressed oops, compressed class ptrs, g1 gc, linux-amd64)
GC Precious Log:
 CardTable entry size: 512
 Card Set container configuration: InlinePtr #cards 4 size 8 Array Of Cards #cards 16 size 48 Howl #buckets 8 coarsen threshold 3686 Howl Bitmap #cards 512 size 80 coarsen threshold 460 Card regions per heap region 1 cards per card region 4096
 CPUs: 16 total, 16 available
 Memory: 15695M
 Large Page Support: Disabled
 NUMA Support: Disabled
 Compressed Oops: Enabled (Zero based)
 Heap Region Size: 2M
 Heap Min Capacity: 8M
 Heap Initial Capacity: 246M
 Heap Max Capacity: 3924M
 Pre-touch: Disabled
 Parallel Workers: 13
 Concurrent Workers: 3
 Concurrent Refinement Workers: 13
 Periodic GC: Disabled
Heap:
 garbage-first heap   total 440320K, used 366041K [0x000000070ac00000, 0x0000000800000000)
  region size 2048K, 7 young (14336K), 1 survivors (2048K)
 Metaspace       used 37459K, committed 37952K, reserved 1114112K
  class space    used 4637K, committed 4864K, reserved 1048576K
GC Heap History (20 events):
Event: 0,616 GC heap before
{Heap before GC invocations=1 (full 0):
 garbage-first heap   total 253952K, used 55645K [0x000000070ac00000, 0x0000000800000000)
  region size 2048K, 28 young (57344K), 2 survivors (4096K)
 Metaspace       used 10885K, committed 11072K, reserved 1114112K
  class space    used 1120K, committed 1216K, reserved 1048576K
}
Event: 0,619 GC heap after
{Heap after GC invocations=2 (full 0):
 garbage-first heap   total 253952K, used 6162K [0x000000070ac00000, 0x0000000800000000)
  region size 2048K, 3 young (6144K), 3 survivors (6144K)
 Metaspace       used 10885K, committed 11072K, reserved 1114112K
  class space    used 1120K, committed 1216K, reserved 1048576K
}
Event: 1,123 GC heap before
{Heap before GC invocations=2 (full 0):
 garbage-first heap   total 253952K, used 83986K [0x000000070ac00000, 0x0000000800000000)
  region size 2048K, 43 young (88064K), 3 survivors (6144K)
 Metaspace       used 21210K, committed 21504K, reserved 1114112K
  class space    used 2356K, committed 2496K, reserved 1048576K
}
Event: 1,128 GC heap after
{Heap after GC invocations=3 (full 0):
 garbage-first heap   total 253952K, used 16571K [0x000000070ac00000, 0x0000000800000000)
  region size 2048K, 8 young (16384K), 8 survivors (16384K)
 Metaspace       used 21210K, committed 21504K, reserved 1114112K
  class space    used 2356K, committed 2496K, reserved 1048576K
}
Event: 7,055 GC heap before
{Heap before GC invocations=4 (full 0):
 garbage-first heap   total 69632K, used 67771K [0x000000070ac00000, 0x0000000800000000)
  region size 2048K, 32 young (65536K), 8 survivors (16384K)
 Metaspace       used 27381K, committed 27712K, reserved 1114112K
  class space    used 3427K, committed 3584K, reserved 1048576K
}
Event: 7,060 GC heap after
{Heap after GC invocations=5 (full 0):
 garbage-first heap   total 90112K, used 20255K [0x000000070ac00000, 0x0000000800000000)
  region size 2048K, 7 young (14336K), 7 survivors (14336K)
 Metaspace       used 27381K, committed 27712K, reserved 1114112K
  class space    used 3427K, committed 3584K, reserved 1048576K
}
Event: 8,544 GC heap before
{Heap before GC invocations=5 (full 0):
 garbage-first heap   total 135168K, used 128799K [0x000000070ac00000, 0x0000000800000000)
  region size 2048K, 25 young (51200K), 7 survivors (14336K)
 Metaspace       used 33485K, committed 33920K, reserved 1114112K
  class space    used 4090K, committed 4288K, reserved 1048576K
}
Event: 8,550 GC heap after
{Heap after GC invocations=6 (full 0):
 garbage-first heap   total 153600K, used 99299K [0x000000070ac00000, 0x0000000800000000)
  region size 2048K, 4 young (8192K), 4 survivors (8192K)
 Metaspace       used 33485K, committed 33920K, reserved 1114112K
  class space    used 4090K, committed 4288K, reserved 1048576K
}
Event: 8,577 GC heap before
{Heap before GC invocations=6 (full 0):
 garbage-first heap   total 153600K, used 99299K [0x000000070ac00000, 0x0000000800000000)
  region size 2048K, 5 young (10240K), 4 survivors (8192K)
 Metaspace       used 33485K, committed 33920K, reserved 1114112K
  class space    used 4090K, committed 4288K, reserved 1048576K
}
Event: 8,581 GC heap after
{Heap after GC invocations=7 (full 0):
 garbage-first heap   total 153600K, used 98711K [0x000000070ac00000, 0x0000000800000000)
  region size 2048K, 1 young (2048K), 1 survivors (2048K)
 Metaspace       used 33485K, committed 33920K, reserved 1114112K
  class space    used 4090K, committed 4288K, reserved 1048576K
}
Event: 26,784 GC heap before
{Heap before GC invocations=8 (full 0):
 garbage-first heap   total 182272K, used 123287K [0x000000070ac00000, 0x0000000800000000)
  region size 2048K, 11 young (22528K), 1 survivors (2048K)
 Metaspace       used 35551K, committed 35968K, reserved 1114112K
  class space    used 4390K, committed 4608K, reserved 1048576K
}
Event: 26,786 GC heap after
{Heap after GC invocations=9 (full 0):
 garbage-first heap   total 182272K, used 106858K [0x000000070ac00000, 0x0000000800000000)
  region size 2048K, 2 young (4096K), 2 survivors (4096K)
 Metaspace       used 35551K, committed 35968K, reserved 1114112K
  class space    used 4390K, committed 4608K, reserved 1048576K
}
Event: 49,246 GC heap before
{Heap before GC invocations=10 (full 0):
 garbage-first heap   total 206848K, used 205162K [0x000000070ac00000, 0x0000000800000000)
  region size 2048K, 4 young (8192K), 2 survivors (4096K)
 Metaspace       used 35693K, committed 36160K, reserved 1114112K
  class space    used 4398K, committed 4608K, reserved 1048576K
}
Event: 49,249 GC heap after
{Heap after GC invocations=11 (full 0):
 garbage-first heap   total 210944K, used 201420K [0x000000070ac00000, 0x0000000800000000)
  region size 2048K, 2 young (4096K), 2 survivors (4096K)
 Metaspace       used 35693K, committed 36160K, reserved 1114112K
  class space    used 4398K, committed 4608K, reserved 1048576K
}
Event: 49,276 GC heap before
{Heap before GC invocations=11 (full 0):
 garbage-first heap   total 210944K, used 205516K [0x000000070ac00000, 0x0000000800000000)
  region size 2048K, 4 young (8192K), 2 survivors (4096K)
 Metaspace       used 36214K, committed 36608K, reserved 1114112K
  class space    used 4515K, committed 4672K, reserved 1048576K
}
Event: 49,279 GC heap after
{Heap after GC invocations=12 (full 0):
 garbage-first heap   total 212992K, used 194866K [0x000000070ac00000, 0x0000000800000000)
  region size 2048K, 1 young (2048K), 1 survivors (2048K)
 Metaspace       used 36214K, committed 36608K, reserved 1114112K
  class space    used 4515K, committed 4672K, reserved 1048576K
}
Event: 49,414 GC heap before
{Heap before GC invocations=12 (full 0):
 garbage-first heap   total 212992K, used 201010K [0x000000070ac00000, 0x0000000800000000)
  region size 2048K, 5 young (10240K), 1 survivors (2048K)
 Metaspace       used 36796K, committed 37184K, reserved 1114112K
  class space    used 4603K, committed 4800K, reserved 1048576K
}
Event: 49,416 GC heap after
{Heap after GC invocations=13 (full 0):
 garbage-first heap   total 212992K, used 195749K [0x000000070ac00000, 0x0000000800000000)
  region size 2048K, 1 young (2048K), 1 survivors (2048K)
 Metaspace       used 36796K, committed 37184K, reserved 1114112K
  class space    used 4603K, committed 4800K, reserved 1048576K
}
Event: 59,506 GC heap before
{Heap before GC invocations=14 (full 0):
 garbage-first heap   total 346112K, used 339109K [0x000000070ac00000, 0x0000000800000000)
  region size 2048K, 5 young (10240K), 1 survivors (2048K)
 Metaspace       used 37081K, committed 37440K, reserved 1114112K
  class space    used 4603K, committed 4800K, reserved 1048576K
}
Event: 59,510 GC heap after
{Heap after GC invocations=15 (full 0):
 garbage-first heap   total 440320K, used 212441K [0x000000070ac00000, 0x0000000800000000)
  region size 2048K, 1 young (2048K), 1 survivors (2048K)
 Metaspace       used 37081K, committed 37440K, reserved 1114112K
  class space    used 4603K, committed 4800K, reserved 1048576K
}

